# JRE version: OpenJDK Runtime Environment (17.0.6) (build 17.0.6+0-b2043.56-10027231)
# Java VM: OpenJDK 64-Bit Server VM (17.0.6+0-b2043.56-10027231, mixed mode, tiered, compressed oops, compressed class ptrs, g1 gc, windows-amd64)
GC Precious Log:
 CPUs: 12 total, 12 available
 Memory: 16308M
 Large Page Support: Disabled
 NUMA Support: Disabled
 Compressed Oops: Enabled (32-bit)
 Heap Region Size: 1M
 Heap Min Capacity: 8M
 Heap Initial Capacity: 256M
 Heap Max Capacity: 2G
 Pre-touch: Disabled
 Parallel Workers: 10
 Concurrent Workers: 3
 Concurrent Refinement Workers: 10
 Periodic GC: Disabled
Heap:
 garbage-first heap   total 189440K, used 103424K [0x0000000080000000, 0x0000000100000000)
  region size 1024K, 17 young (17408K), 10 survivors (10240K)
 Metaspace       used 102951K, committed 103616K, reserved 1138688K
  class space    used 13874K, committed 14208K, reserved 1048576K
GC Heap History (20 events):
Event: 16.502 GC heap before
{Heap before GC invocations=24 (full 0):
 garbage-first heap   total 102400K, used 81806K [0x0000000080000000, 0x0000000100000000)
  region size 1024K, 24 young (24576K), 1 survivors (1024K)
 Metaspace       used 69995K, committed 70528K, reserved 1114112K
  class space    used 9198K, committed 9408K, reserved 1048576K
}
Event: 16.505 GC heap after
{Heap after GC invocations=25 (full 0):
 garbage-first heap   total 102400K, used 59615K [0x0000000080000000, 0x0000000100000000)
  region size 1024K, 2 young (2048K), 2 survivors (2048K)
 Metaspace       used 69995K, committed 70528K, reserved 1114112K
  class space    used 9198K, committed 9408K, reserved 1048576K
}
Event: 16.737 GC heap before
{Heap before GC invocations=26 (full 0):
 garbage-first heap   total 104448K, used 88287K [0x0000000080000000, 0x0000000100000000)
  region size 1024K, 25 young (25600K), 2 survivors (2048K)
 Metaspace       used 71181K, committed 71744K, reserved 1114112K
  class space    used 9383K, committed 9664K, reserved 1048576K
}
Event: 16.741 GC heap after
{Heap after GC invocations=27 (full 0):
 garbage-first heap   total 104448K, used 62639K [0x0000000080000000, 0x0000000100000000)
  region size 1024K, 4 young (4096K), 4 survivors (4096K)
 Metaspace       used 71181K, committed 71744K, reserved 1114112K
  class space    used 9383K, committed 9664K, reserved 1048576K
}
Event: 16.760 GC heap before
{Heap before GC invocations=27 (full 0):
 garbage-first heap   total 104448K, used 63663K [0x0000000080000000, 0x0000000100000000)
  region size 1024K, 5 young (5120K), 4 survivors (4096K)
 Metaspace       used 71407K, committed 72000K, reserved 1114112K
  class space    used 9398K, committed 9664K, reserved 1048576K
}
Event: 16.764 GC heap after
{Heap after GC invocations=28 (full 0):
 garbage-first heap   total 104448K, used 62609K [0x0000000080000000, 0x0000000100000000)
  region size 1024K, 1 young (1024K), 1 survivors (1024K)
 Metaspace       used 71407K, committed 72000K, reserved 1114112K
  class space    used 9398K, committed 9664K, reserved 1048576K
}
Event: 17.095 GC heap before
{Heap before GC invocations=28 (full 0):
 garbage-first heap   total 104448K, used 84113K [0x0000000080000000, 0x0000000100000000)
  region size 1024K, 22 young (22528K), 1 survivors (1024K)
 Metaspace       used 73265K, committed 73856K, reserved 1114112K
  class space    used 9631K, committed 9920K, reserved 1048576K
}
Event: 17.098 GC heap after
{Heap after GC invocations=29 (full 0):
 garbage-first heap   total 189440K, used 64044K [0x0000000080000000, 0x0000000100000000)
  region size 1024K, 2 young (2048K), 2 survivors (2048K)
 Metaspace       used 73265K, committed 73856K, reserved 1114112K
  class space    used 9631K, committed 9920K, reserved 1048576K
}
Event: 18.208 GC heap before
{Heap before GC invocations=30 (full 0):
 garbage-first heap   total 189440K, used 141868K [0x0000000080000000, 0x0000000100000000)
  region size 1024K, 78 young (79872K), 2 survivors (2048K)
 Metaspace       used 77923K, committed 78464K, reserved 1122304K
  class space    used 10246K, committed 10496K, reserved 1048576K
}
Event: 18.216 GC heap after
{Heap after GC invocations=31 (full 0):
 garbage-first heap   total 189440K, used 69236K [0x0000000080000000, 0x0000000100000000)
  region size 1024K, 7 young (7168K), 7 survivors (7168K)
 Metaspace       used 77923K, committed 78464K, reserved 1122304K
  class space    used 10246K, committed 10496K, reserved 1048576K
}
Event: 18.230 GC heap before
{Heap before GC invocations=31 (full 0):
 garbage-first heap   total 189440K, used 71284K [0x0000000080000000, 0x0000000100000000)
  region size 1024K, 9 young (9216K), 7 survivors (7168K)
 Metaspace       used 77923K, committed 78464K, reserved 1122304K
  class space    used 10246K, committed 10496K, reserved 1048576K
}
Event: 18.235 GC heap after
{Heap after GC invocations=32 (full 0):
 garbage-first heap   total 189440K, used 69016K [0x0000000080000000, 0x0000000100000000)
  region size 1024K, 1 young (1024K), 1 survivors (1024K)
 Metaspace       used 77923K, committed 78464K, reserved 1122304K
  class space    used 10246K, committed 10496K, reserved 1048576K
}
Event: 19.523 GC heap before
{Heap before GC invocations=32 (full 0):
 garbage-first heap   total 189440K, used 146840K [0x0000000080000000, 0x0000000100000000)
  region size 1024K, 76 young (77824K), 1 survivors (1024K)
 Metaspace       used 85762K, committed 86464K, reserved 1130496K
  class space    used 11526K, committed 11840K, reserved 1048576K
}
Event: 19.529 GC heap after
{Heap after GC invocations=33 (full 0):
 garbage-first heap   total 189440K, used 74052K [0x0000000080000000, 0x0000000100000000)
  region size 1024K, 6 young (6144K), 6 survivors (6144K)
 Metaspace       used 85762K, committed 86464K, reserved 1130496K
  class space    used 11526K, committed 11840K, reserved 1048576K
}
Event: 20.759 GC heap before
{Heap before GC invocations=33 (full 0):
 garbage-first heap   total 189440K, used 147780K [0x0000000080000000, 0x0000000100000000)
  region size 1024K, 78 young (79872K), 6 survivors (6144K)
 Metaspace       used 93751K, committed 94400K, reserved 1138688K
  class space    used 12633K, committed 12928K, reserved 1048576K
}
Event: 20.768 GC heap after
{Heap after GC invocations=34 (full 0):
 garbage-first heap   total 189440K, used 79425K [0x0000000080000000, 0x0000000100000000)
  region size 1024K, 10 young (10240K), 10 survivors (10240K)
 Metaspace       used 93751K, committed 94400K, reserved 1138688K
  class space    used 12633K, committed 12928K, reserved 1048576K
}
Event: 21.899 GC heap before
{Heap before GC invocations=34 (full 0):
 garbage-first heap   total 189440K, used 151105K [0x0000000080000000, 0x0000000100000000)
  region size 1024K, 80 young (81920K), 10 survivors (10240K)
 Metaspace       used 100280K, committed 100928K, reserved 1138688K
  class space    used 13572K, committed 13888K, reserved 1048576K
}
Event: 21.910 GC heap after
{Heap after GC invocations=35 (full 0):
 garbage-first heap   total 189440K, used 85564K [0x0000000080000000, 0x0000000100000000)
  region size 1024K, 10 young (10240K), 10 survivors (10240K)
 Metaspace       used 100280K, committed 100928K, reserved 1138688K
  class space    used 13572K, committed 13888K, reserved 1048576K
}
Event: 22.481 GC heap before
{Heap before GC invocations=35 (full 0):
 garbage-first heap   total 189440K, used 153148K [0x0000000080000000, 0x0000000100000000)
  region size 1024K, 76 young (77824K), 10 survivors (10240K)
 Metaspace       used 102196K, committed 102848K, reserved 1138688K
  class space    used 13711K, committed 14016K, reserved 1048576K
}
Event: 22.492 GC heap after
{Heap after GC invocations=36 (full 0):
 garbage-first heap   total 189440K, used 97280K [0x0000000080000000, 0x0000000100000000)
  region size 1024K, 10 young (10240K), 10 survivors (10240K)
 Metaspace       used 102196K, committed 102848K, reserved 1138688K
  class space    used 13711K, committed 14016K, reserved 1048576K
}

